I, [2020-05-18T12:13:18.321688 #15228]  INFO -- : Received OPTIONS request for mock service administration endpoint DELETE /interactions. Returning CORS headers: {"Access-Control-Allow-Origin"=>"http://localhost:9876", "Access-Control-Allow-Headers"=>"content-type,x-pact-mock-service", "Access-Control-Allow-Methods"=>"DELETE, POST, GET, HEAD, PUT, TRACE, CONNECT, PATCH"}.
I, [2020-05-18T12:13:18.334745 #15228]  INFO -- : Cleared interactions
I, [2020-05-18T12:13:18.347612 #15228]  INFO -- : Registered expected interaction GET /api/users/1
D, [2020-05-18T12:13:18.348613 #15228] DEBUG -- : {
  "description": "a request to GET a user",
  "providerState": "user with id 1 exists",
  "request": {
    "method": "GET",
    "path": "/api/users/1"
  },
  "response": {
    "status": 200,
    "headers": {
    },
    "body": {
      "json_class": "Pact::SomethingLike",
      "contents": {
        "id": 1,
        "name": "Lorenz"
      }
    }
  },
  "metadata": null
}
I, [2020-05-18T12:13:18.374613 #15228]  INFO -- : Received request GET /api/users/1
D, [2020-05-18T12:13:18.374613 #15228] DEBUG -- : {
  "path": "/api/users/1",
  "query": "",
  "method": "get",
  "headers": {
    "X-Forwarded-Host": "localhost:9876",
    "X-Forwarded-Proto": "http",
    "X-Forwarded-Port": "9876",
    "X-Forwarded-For": "127.0.0.1",
    "Cookie": "io=Q6e-nyxJ62HLbVBXAAAA",
    "Accept-Language": "de",
    "Accept-Encoding": "gzip, deflate, br",
    "Referer": "http://localhost:9876/context.html",
    "Sec-Fetch-Dest": "empty",
    "Sec-Fetch-Mode": "cors",
    "Sec-Fetch-Site": "same-origin",
    "User-Agent": "Mozilla/5.0 (Windows NT 10.0; Win64; x64) AppleWebKit/537.36 (KHTML, like Gecko) HeadlessChrome/81.0.4044.138 Safari/537.36",
    "Accept": "application/json, text/plain, */*",
    "Connection": "close",
    "Host": "localhost:9876",
    "Version": "HTTP/1.1"
  }
}
I, [2020-05-18T12:13:18.375612 #15228]  INFO -- : Found matching response for GET /api/users/1
D, [2020-05-18T12:13:18.375612 #15228] DEBUG -- : {
  "status": 200,
  "headers": {
  },
  "body": {
    "json_class": "Pact::SomethingLike",
    "contents": {
      "id": 1,
      "name": "Lorenz"
    }
  }
}
I, [2020-05-18T12:13:18.382650 #15228]  INFO -- : Received OPTIONS request for mock service administration endpoint GET /interactions/verification. Returning CORS headers: {"Access-Control-Allow-Origin"=>"http://localhost:9876", "Access-Control-Allow-Headers"=>"content-type,x-pact-mock-service", "Access-Control-Allow-Methods"=>"DELETE, POST, GET, HEAD, PUT, TRACE, CONNECT, PATCH"}.
I, [2020-05-18T12:13:18.394842 #15228]  INFO -- : Verifying - interactions matched
I, [2020-05-18T12:13:18.406839 #15228]  INFO -- : Cleared interactions
I, [2020-05-18T12:13:18.418865 #15228]  INFO -- : Received OPTIONS request for mock service administration endpoint POST /pact. Returning CORS headers: {"Access-Control-Allow-Origin"=>"http://localhost:9876", "Access-Control-Allow-Headers"=>"content-type,x-pact-mock-service", "Access-Control-Allow-Methods"=>"DELETE, POST, GET, HEAD, PUT, TRACE, CONNECT, PATCH"}.
E, [2020-05-18T12:13:18.430842 #15228] ERROR -- : Error ocurred in mock service: RuntimeError - You must specify a consumer and provider name
E, [2020-05-18T12:13:18.430842 #15228] ERROR -- : C:/code/tests/jenkins/angular-getting-started/node_modules/@pact-foundation/pact-node/standalone/win32-1.84.0/pact/lib/vendor/ruby/2.2.0/gems/pact-mock_service-3.6.1/lib/pact/consumer_contract/consumer_contract_writer.rb:144:in `pactfile_path'
C:/code/tests/jenkins/angular-getting-started/node_modules/@pact-foundation/pact-node/standalone/win32-1.84.0/pact/lib/vendor/ruby/2.2.0/gems/pact-mock_service-3.6.1/lib/pact/consumer_contract/consumer_contract_writer.rb:169:in `log_message'
C:/code/tests/jenkins/angular-getting-started/node_modules/@pact-foundation/pact-node/standalone/win32-1.84.0/pact/lib/vendor/ruby/2.2.0/gems/pact-mock_service-3.6.1/lib/pact/consumer_contract/consumer_contract_writer.rb:61:in `update_pactfile'
C:/code/tests/jenkins/angular-getting-started/node_modules/@pact-foundation/pact-node/standalone/win32-1.84.0/pact/lib/vendor/ruby/2.2.0/gems/pact-mock_service-3.6.1/lib/pact/consumer_contract/consumer_contract_writer.rb:57:in `update_pactfile_if_needed'
C:/code/tests/jenkins/angular-getting-started/node_modules/@pact-foundation/pact-node/standalone/win32-1.84.0/pact/lib/vendor/ruby/2.2.0/gems/pact-mock_service-3.6.1/lib/pact/consumer_contract/consumer_contract_writer.rb:41:in `write'
C:/code/tests/jenkins/angular-getting-started/node_modules/@pact-foundation/pact-node/standalone/win32-1.84.0/pact/lib/vendor/ruby/2.2.0/gems/pact-mock_service-3.6.1/lib/pact/mock_service/request_handlers/pact_post.rb:33:in `respond'
C:/code/tests/jenkins/angular-getting-started/node_modules/@pact-foundation/pact-node/standalone/win32-1.84.0/pact/lib/vendor/ruby/2.2.0/gems/pact-mock_service-3.6.1/lib/pact/mock_service/request_handlers/base_request_handler.rb:17:in `call'
C:/code/tests/jenkins/angular-getting-started/node_modules/@pact-foundation/pact-node/standalone/win32-1.84.0/pact/lib/vendor/ruby/2.2.0/gems/rack-2.1.2/lib/rack/cascade.rb:35:in `block in call'
C:/code/tests/jenkins/angular-getting-started/node_modules/@pact-foundation/pact-node/standalone/win32-1.84.0/pact/lib/vendor/ruby/2.2.0/gems/rack-2.1.2/lib/rack/cascade.rb:26:in `each'
C:/code/tests/jenkins/angular-getting-started/node_modules/@pact-foundation/pact-node/standalone/win32-1.84.0/pact/lib/vendor/ruby/2.2.0/gems/rack-2.1.2/lib/rack/cascade.rb:26:in `call'
C:/code/tests/jenkins/angular-getting-started/node_modules/@pact-foundation/pact-node/standalone/win32-1.84.0/pact/lib/vendor/ruby/2.2.0/gems/pact-mock_service-3.6.1/lib/pact/consumer/mock_service/cors_origin_header_middleware.rb:11:in `call'
C:/code/tests/jenkins/angular-getting-started/node_modules/@pact-foundation/pact-node/standalone/win32-1.84.0/pact/lib/vendor/ruby/2.2.0/gems/pact-mock_service-3.6.1/lib/pact/consumer/mock_service/error_handler.rb:13:in `call'
C:/code/tests/jenkins/angular-getting-started/node_modules/@pact-foundation/pact-node/standalone/win32-1.84.0/pact/lib/vendor/ruby/2.2.0/gems/pact-mock_service-3.6.1/lib/pact/mock_service/app.rb:34:in `call'
C:/code/tests/jenkins/angular-getting-started/node_modules/@pact-foundation/pact-node/standalone/win32-1.84.0/pact/lib/vendor/ruby/2.2.0/gems/pact-mock_service-3.6.1/lib/pact/consumer/mock_service/set_location.rb:14:in `call'
C:/code/tests/jenkins/angular-getting-started/node_modules/@pact-foundation/pact-node/standalone/win32-1.84.0/pact/lib/vendor/ruby/2.2.0/gems/rack-2.1.2/lib/rack/handler/webrick.rb:88:in `service'
C:/code/tests/jenkins/angular-getting-started/node_modules/@pact-foundation/pact-node/standalone/win32-1.84.0/pact/lib/vendor/ruby/2.2.0/gems/webrick-1.3.1/lib/webrick/httpserver.rb:138:in `service'
C:/code/tests/jenkins/angular-getting-started/node_modules/@pact-foundation/pact-node/standalone/win32-1.84.0/pact/lib/vendor/ruby/2.2.0/gems/webrick-1.3.1/lib/webrick/httpserver.rb:94:in `run'
C:/code/tests/jenkins/angular-getting-started/node_modules/@pact-foundation/pact-node/standalone/win32-1.84.0/pact/lib/vendor/ruby/2.2.0/gems/webrick-1.3.1/lib/webrick/server.rb:191:in `block in start_thread'
